# JRE version: Java(TM) SE Runtime Environment (8.0_05-b13) (build 1.8.0_05-b13)
# Java VM: Java HotSpot(TM) 64-Bit Server VM (25.5-b02 mixed mode windows-amd64 compressed oops)
Heap:
 PSYoungGen      total 57344K, used 5849K [0x00000007bc400000, 0x00000007c0000000, 0x00000007c0000000)
  eden space 54784K, 6% used [0x00000007bc400000,0x00000007bc745950,0x00000007bf980000)
  from space 2560K, 97% used [0x00000007bfa00000,0x00000007bfc70e40,0x00000007bfc80000)
  to   space 3584K, 0% used [0x00000007bfc80000,0x00000007bfc80000,0x00000007c0000000)
 ParOldGen       total 159232K, used 123176K [0x0000000700000000, 0x0000000709b80000, 0x00000007bc400000)
  object space 159232K, 77% used [0x0000000700000000,0x000000070784a2e0,0x0000000709b80000)
 Metaspace       used 65088K, capacity 65545K, committed 66048K, reserved 1105920K
  class space    used 9590K, capacity 9653K, committed 9728K, reserved 1048576K
GC Heap History (10 events):
Event: 3747.216 GC heap before
{Heap before GC invocations=936 (full 139):
 PSYoungGen      total 59392K, used 59388K [0x00000007bc400000, 0x00000007c0000000, 0x00000007c0000000)
  eden space 58368K, 100% used [0x00000007bc400000,0x00000007bfd00000,0x00000007bfd00000)
  from space 1024K, 99% used [0x00000007bff00000,0x00000007bffff140,0x00000007c0000000)
  to   space 1536K, 0% used [0x00000007bfd00000,0x00000007bfd00000,0x00000007bfe80000)
 ParOldGen       total 159232K, used 113929K [0x0000000700000000, 0x0000000709b80000, 0x00000007bc400000)
  object space 159232K, 71% used [0x0000000700000000,0x0000000706f427c0,0x0000000709b80000)
 Metaspace       used 65082K, capacity 65545K, committed 66048K, reserved 1105920K
  class space    used 9590K, capacity 9653K, committed 9728K, reserved 1048576K
Event: 3747.220 GC heap after
Heap after GC invocations=936 (full 139):
 PSYoungGen      total 59904K, used 1536K [0x00000007bc400000, 0x00000007c0000000, 0x00000007c0000000)
  eden space 58368K, 0% used [0x00000007bc400000,0x00000007bc400000,0x00000007bfd00000)
  from space 1536K, 100% used [0x00000007bfd00000,0x00000007bfe80000,0x00000007bfe80000)
  to   space 1536K, 0% used [0x00000007bfe80000,0x00000007bfe80000,0x00000007c0000000)
 ParOldGen       total 159232K, used 115489K [0x0000000700000000, 0x0000000709b80000, 0x00000007bc400000)
  object space 159232K, 72% used [0x0000000700000000,0x00000007070c8648,0x0000000709b80000)
 Metaspace       used 65082K, capacity 65545K, committed 66048K, reserved 1105920K
  class space    used 9590K, capacity 9653K, committed 9728K, reserved 1048576K
}
Event: 3751.037 GC heap before
{Heap before GC invocations=937 (full 139):
 PSYoungGen      total 59904K, used 59904K [0x00000007bc400000, 0x00000007c0000000, 0x00000007c0000000)
  eden space 58368K, 100% used [0x00000007bc400000,0x00000007bfd00000,0x00000007bfd00000)
  from space 1536K, 100% used [0x00000007bfd00000,0x00000007bfe80000,0x00000007bfe80000)
  to   space 1536K, 0% used [0x00000007bfe80000,0x00000007bfe80000,0x00000007c0000000)
 ParOldGen       total 159232K, used 115489K [0x0000000700000000, 0x0000000709b80000, 0x00000007bc400000)
  object space 159232K, 72% used [0x0000000700000000,0x00000007070c8648,0x0000000709b80000)
 Metaspace       used 65085K, capacity 65545K, committed 66048K, reserved 1105920K
  class space    used 9590K, capacity 9653K, committed 9728K, reserved 1048576K
Event: 3751.041 GC heap after
Heap after GC invocations=937 (full 139):
 PSYoungGen      total 57856K, used 1536K [0x00000007bc400000, 0x00000007c0000000, 0x00000007c0000000)
  eden space 56320K, 0% used [0x00000007bc400000,0x00000007bc400000,0x00000007bfb00000)
  from space 1536K, 100% used [0x00000007bfe80000,0x00000007c0000000,0x00000007c0000000)
  to   space 2560K, 0% used [0x00000007bfb00000,0x00000007bfb00000,0x00000007bfd80000)
 ParOldGen       total 159232K, used 115937K [0x0000000700000000, 0x0000000709b80000, 0x00000007bc400000)
  object space 159232K, 72% used [0x0000000700000000,0x00000007071384b0,0x0000000709b80000)
 Metaspace       used 65085K, capacity 65545K, committed 66048K, reserved 1105920K
  class space    used 9590K, capacity 9653K, committed 9728K, reserved 1048576K
}
Event: 3754.769 GC heap before
{Heap before GC invocations=938 (full 139):
 PSYoungGen      total 57856K, used 57856K [0x00000007bc400000, 0x00000007c0000000, 0x00000007c0000000)
  eden space 56320K, 100% used [0x00000007bc400000,0x00000007bfb00000,0x00000007bfb00000)
  from space 1536K, 100% used [0x00000007bfe80000,0x00000007c0000000,0x00000007c0000000)
  to   space 2560K, 0% used [0x00000007bfb00000,0x00000007bfb00000,0x00000007bfd80000)
 ParOldGen       total 159232K, used 115937K [0x0000000700000000, 0x0000000709b80000, 0x00000007bc400000)
  object space 159232K, 72% used [0x0000000700000000,0x00000007071384b0,0x0000000709b80000)
 Metaspace       used 65085K, capacity 65545K, committed 66048K, reserved 1105920K
  class space    used 9590K, capacity 9653K, committed 9728K, reserved 1048576K
Event: 3754.773 GC heap after
Heap after GC invocations=938 (full 139):
 PSYoungGen      total 58368K, used 2110K [0x00000007bc400000, 0x00000007c0000000, 0x00000007c0000000)
  eden space 55808K, 0% used [0x00000007bc400000,0x00000007bc400000,0x00000007bfa80000)
  from space 2560K, 82% used [0x00000007bfb00000,0x00000007bfd0fbf0,0x00000007bfd80000)
  to   space 2560K, 0% used [0x00000007bfd80000,0x00000007bfd80000,0x00000007c0000000)
 ParOldGen       total 159232K, used 115969K [0x0000000700000000, 0x0000000709b80000, 0x00000007bc400000)
  object space 159232K, 72% used [0x0000000700000000,0x00000007071404b0,0x0000000709b80000)
 Metaspace       used 65085K, capacity 65545K, committed 66048K, reserved 1105920K
  class space    used 9590K, capacity 9653K, committed 9728K, reserved 1048576K
}
Event: 3757.052 GC heap before
{Heap before GC invocations=939 (full 139):
 PSYoungGen      total 58368K, used 57918K [0x00000007bc400000, 0x00000007c0000000, 0x00000007c0000000)
  eden space 55808K, 100% used [0x00000007bc400000,0x00000007bfa80000,0x00000007bfa80000)
  from space 2560K, 82% used [0x00000007bfb00000,0x00000007bfd0fbf0,0x00000007bfd80000)
  to   space 2560K, 0% used [0x00000007bfd80000,0x00000007bfd80000,0x00000007c0000000)
 ParOldGen       total 159232K, used 115969K [0x0000000700000000, 0x0000000709b80000, 0x00000007bc400000)
  object space 159232K, 72% used [0x0000000700000000,0x00000007071404b0,0x0000000709b80000)
 Metaspace       used 65086K, capacity 65545K, committed 66048K, reserved 1105920K
  class space    used 9590K, capacity 9653K, committed 9728K, reserved 1048576K
Event: 3757.056 GC heap after
Heap after GC invocations=939 (full 139):
 PSYoungGen      total 57856K, used 2398K [0x00000007bc400000, 0x00000007c0000000, 0x00000007c0000000)
  eden space 55296K, 0% used [0x00000007bc400000,0x00000007bc400000,0x00000007bfa00000)
  from space 2560K, 93% used [0x00000007bfd80000,0x00000007bffd7bf0,0x00000007c0000000)
  to   space 3072K, 0% used [0x00000007bfa00000,0x00000007bfa00000,0x00000007bfd00000)
 ParOldGen       total 159232K, used 115969K [0x0000000700000000, 0x0000000709b80000, 0x00000007bc400000)
  object space 159232K, 72% used [0x0000000700000000,0x00000007071404b0,0x0000000709b80000)
 Metaspace       used 65086K, capacity 65545K, committed 66048K, reserved 1105920K
  class space    used 9590K, capacity 9653K, committed 9728K, reserved 1048576K
}
Event: 3757.796 GC heap before
{Heap before GC invocations=940 (full 139):
 PSYoungGen      total 57856K, used 57694K [0x00000007bc400000, 0x00000007c0000000, 0x00000007c0000000)
  eden space 55296K, 100% used [0x00000007bc400000,0x00000007bfa00000,0x00000007bfa00000)
  from space 2560K, 93% used [0x00000007bfd80000,0x00000007bffd7bf0,0x00000007c0000000)
  to   space 3072K, 0% used [0x00000007bfa00000,0x00000007bfa00000,0x00000007bfd00000)
 ParOldGen       total 159232K, used 115969K [0x0000000700000000, 0x0000000709b80000, 0x00000007bc400000)
  object space 159232K, 72% used [0x0000000700000000,0x00000007071404b0,0x0000000709b80000)
 Metaspace       used 65087K, capacity 65545K, committed 66048K, reserved 1105920K
  class space    used 9590K, capacity 9653K, committed 9728K, reserved 1048576K
Event: 3757.801 GC heap after
Heap after GC invocations=940 (full 139):
 PSYoungGen      total 57344K, used 2499K [0x00000007bc400000, 0x00000007c0000000, 0x00000007c0000000)
  eden space 54784K, 0% used [0x00000007bc400000,0x00000007bc400000,0x00000007bf980000)
  from space 2560K, 97% used [0x00000007bfa00000,0x00000007bfc70e40,0x00000007bfc80000)
  to   space 3584K, 0% used [0x00000007bfc80000,0x00000007bfc80000,0x00000007c0000000)
 ParOldGen       total 159232K, used 123176K [0x0000000700000000, 0x0000000709b80000, 0x00000007bc400000)
  object space 159232K, 77% used [0x0000000700000000,0x000000070784a2e0,0x0000000709b80000)
 Metaspace       used 65087K, capacity 65545K, committed 66048K, reserved 1105920K
  class space    used 9590K, capacity 9653K, committed 9728K, reserved 1048576K
}

